<?xml version="1.0" encoding="UTF-8"?>
<!-- Generated by org.testng.reporters.JUnitReportReporter -->
<testsuite hostname="DESKTOP-SI6A323" failures="0" tests="1" name="SwdOtomation.testNavigation" time="0.444" errors="0" timestamp="1 Oct 2019 05:31:45 GMT" skipped="0">
  <testcase classname="SwdOtomation.testNavigation" name="basePageNavigation" time="0.444"/>
</testsuite> <!-- SwdOtomation.testNavigation -->
