<?xml version="1.0" encoding="UTF-8"?>
<!-- Generated by org.testng.reporters.JUnitReportReporter -->
<testsuite hostname="DESKTOP-SI6A323" failures="0" tests="2" name="SwdOtomation.HomepageTest" time="19.711" errors="0" timestamp="1 Oct 2019 05:34:32 GMT" skipped="0">
  <testcase classname="SwdOtomation.HomepageTest" name="basePageNavigation" time="14.234"/>
  <testcase classname="SwdOtomation.HomepageTest" name="basePageNavigation" time="5.477"/>
</testsuite> <!-- SwdOtomation.HomepageTest -->
