<?xml version="1.0" encoding="UTF-8"?>
<!-- Generated by org.testng.reporters.JUnitReportReporter -->
<testsuite hostname="DESKTOP-SI6A323" failures="0" tests="1" name="resources.ExtentReportDemo" time="0.520" errors="0" timestamp="29 Sep 2019 18:42:40 GMT" skipped="0">
  <testcase classname="resources.ExtentReportDemo" name="loginTest" time="0.520"/>
</testsuite> <!-- resources.ExtentReportDemo -->
