<?xml version="1.0" encoding="UTF-8"?>
<!-- Generated by org.testng.reporters.JUnitReportReporter -->
<testsuite hostname="DESKTOP-SI6A323" failures="0" tests="2" name="SwdOtomation.HomepageTest" time="20.462" errors="0" timestamp="30 Sep 2019 04:15:33 GMT" skipped="0">
  <testcase classname="SwdOtomation.HomepageTest" name="basePageNavigation" time="15.204"/>
  <testcase classname="SwdOtomation.HomepageTest" name="basePageNavigation" time="5.258"/>
</testsuite> <!-- SwdOtomation.HomepageTest -->
