<?xml version="1.0" encoding="UTF-8"?>
<!-- Generated by org.testng.reporters.JUnitReportReporter -->
<testsuite hostname="DESKTOP-SI6A323" failures="0" tests="2" name="SwdOtomation.HomepageTest" time="25.653" errors="0" timestamp="30 Sep 2019 05:59:57 GMT">
  <testcase classname="SwdOtomation.HomepageTest" name="basePageNavigation" time="4.645"/>
  <testcase classname="SwdOtomation.HomepageTest" name="basePageNavigation" time="21.008"/>
</testsuite> <!-- SwdOtomation.HomepageTest -->
