<?xml version="1.0" encoding="UTF-8"?>
<!-- Generated by org.testng.reporters.JUnitReportReporter -->
<testsuite hostname="DESKTOP-SI6A323" failures="0" tests="1" name="SwdOtomation.testNavigation" time="0.105" errors="0" timestamp="30 Sep 2019 05:43:12 GMT">
  <testcase classname="SwdOtomation.testNavigation" name="basePageNavigation" time="0.105"/>
</testsuite> <!-- SwdOtomation.testNavigation -->
