<?xml version="1.0" encoding="UTF-8"?>
<!-- Generated by org.testng.reporters.JUnitReportReporter -->
<testsuite hostname="DESKTOP-SI6A323" failures="0" tests="1" name="SwdOtomation.testNavigation" time="0.646" errors="0" timestamp="2019-10-01T00:41:04 CDT" skipped="0">
  <testcase classname="SwdOtomation.testNavigation" name="basePageNavigation" time="0.646"/>
</testsuite> <!-- SwdOtomation.testNavigation -->
